[33mWARN[39m: The `uri` parameter to `openUri()` must be a string, got "undefined". Make sure the first parameter to `mongoose.connect()` or `mongoose.createConnection()` is a string.
[33mWARN[39m: The `uri` parameter to `openUri()` must be a string, got "undefined". Make sure the first parameter to `mongoose.connect()` or `mongoose.createConnection()` is a string.
[33mWARN[39m: The `uri` parameter to `openUri()` must be a string, got "undefined". Make sure the first parameter to `mongoose.connect()` or `mongoose.createConnection()` is a string.
[33mWARN[39m: The `uri` parameter to `openUri()` must be a string, got "undefined". Make sure the first parameter to `mongoose.connect()` or `mongoose.createConnection()` is a string.
[33mWARN[39m: The `uri` parameter to `openUri()` must be a string, got "undefined". Make sure the first parameter to `mongoose.connect()` or `mongoose.createConnection()` is a string.
[33mWARN[39m: The `uri` parameter to `openUri()` must be a string, got "undefined". Make sure the first parameter to `mongoose.connect()` or `mongoose.createConnection()` is a string.
[33mWARN[39m: The `uri` parameter to `openUri()` must be a string, got "undefined". Make sure the first parameter to `mongoose.connect()` or `mongoose.createConnection()` is a string.
[33mWARN[39m: The `uri` parameter to `openUri()` must be a string, got "undefined". Make sure the first parameter to `mongoose.connect()` or `mongoose.createConnection()` is a string.
[33mWARN[39m: The `uri` parameter to `openUri()` must be a string, got "undefined". Make sure the first parameter to `mongoose.connect()` or `mongoose.createConnection()` is a string.
[33mWARN[39m: GET /public/styles.css not found path
[33mWARN[39m: GET /favicon.ico not found path
[33mWARN[39m: GET /public/styles.css not found path
[33mWARN[39m: GET /favicon.ico not found path
[33mWARN[39m: GET /public/styles.css not found path
[33mWARN[39m: GET /favicon.ico not found path
[33mWARN[39m: GET /public/styles.css not found path
[33mWARN[39m: GET /favicon.ico not found path
[33mWARN[39m: GET /public/styles.css not found path
[33mWARN[39m: GET /favicon.ico not found path
[33mWARN[39m: GET /public/styles.css not found path
[33mWARN[39m: GET /favicon.ico not found path
[33mWARN[39m: GET /public/styles.css not found path
[33mWARN[39m: GET /favicon.ico not found path
[33mWARN[39m: GET /public/styles.css not found path
[33mWARN[39m: GET /favicon.ico not found path
[33mWARN[39m: GET /public/styles.css not found path
[33mWARN[39m: GET /favicon.ico not found path
[33mWARN[39m: GET /public/styles.css not found path
[33mWARN[39m: GET /favicon.ico not found path
[33mWARN[39m: GET /public/styles.css not found path
[33mWARN[39m: GET /favicon.ico not found path
[33mWARN[39m: GET /public/styles.css not found path
[33mWARN[39m: GET /favicon.ico not found path
[33mWARN[39m: GET /public/styles.css not found path
[33mWARN[39m: GET /favicon.ico not found path
[33mWARN[39m: GET /public/styles.css not found path
[33mWARN[39m: GET /favicon.ico not found path
[33mWARN[39m: GET /public/styles.css not found path
[33mWARN[39m: GET /favicon.ico not found path
[33mWARN[39m: GET /public/styles.css not found path
[33mWARN[39m: GET /favicon.ico not found path
[33mWARN[39m: GET /public/styles.css not found path
[33mWARN[39m: GET /favicon.ico not found path
[33mWARN[39m: GET /public/styles.css not found path
[33mWARN[39m: GET /favicon.ico not found path
[33mWARN[39m: User already exists
[33mWARN[39m: User already exists
[33mWARN[39m: User already exists
[31mERROR[39m: users validation failed: role: Cast to Number failed for value "ADMIN" (type string) at path "role"
[31mERROR[39m: Cannot read properties of null (reading 'password')
[33mWARN[39m: User already exists
[33mWARN[39m: User already exists
